<?xml version="1.0" encoding="UTF-8"?>
<!-- Generated by org.testng.reporters.JUnitXMLReporter -->
<testsuite ignored="0" hostname="LAPTOP-V6S95739" failures="0" tests="3" name="test1" time="38.123" errors="0" timestamp="2022-12-24T19:12:24 EST">
  <testcase classname="Web.TestPages.CourseFeaturesTest" name="Validate_HomePageData" time="5.229"/>
  <testcase classname="Web.TestPages.CourseFeaturesTest" name="Click_CourseFeatures" time="6.655"/>
  <testcase classname="Web.TestPages.QAAutomationTest" name="Validate_HomePageData" time="18.101"/>
</testsuite> <!-- test1 -->
